<?xml version="1.0" encoding="UTF-8"?>
<testsuites name="Dentrix_AI_Tests" tests="600" failures="0" errors="0" time="0">
  <testsuite name="SeleniumSuite" tests="300" failures="0" errors="0" time="0">
    
    <testcase classname="selenium_e2e_tests" name="test_login_permutation_1" time="1.44">
    </testcase>
    <testcase classname="selenium_e2e_tests" name="test_login_permutation_2" time="0.67">
    </testcase>
    <testcase classname="selenium_e2e_tests" name="test_login_permutation_3" time="0.67">
    </testcase>
    <testcase classname="selenium_e2e_tests" name="test_login_permutation_4" time="0.64">
    </testcase>
    <testcase classname="selenium_e2e_tests" name="test_login_permutation_5" time="0.68">
    </testcase>
    <testcase classname="selenium_e2e_tests" name="test_login_permutation_6" time="0.67">
    </testcase>
    <testcase classname="selenium_e2e_tests" name="test_login_permutation_7" time="0.65">
    </testcase>
    <testcase classname="selenium_e2e_tests" name="test_login_permutation_8" time="0.67">
    </testcase>
    <testcase classname="selenium_e2e_tests" name="test_login_permutation_9" time="0.68">
    </testcase>
    <testcase classname="selenium_e2e_tests" name="test_login_permutation_10" time="0.66">
    </testcase>
    <testcase classname="selenium_e2e_tests" name="test_login_permutation_11" time="0.66">
    </testcase>
    <testcase classname="selenium_e2e_tests" name="test_login_permutation_12" time="0.66">
    </testcase>
    <testcase classname="selenium_e2e_tests" name="test_login_permutation_13" time="0.65">
    </testcase>
    <testcase classname="selenium_e2e_tests" name="test_login_permutation_14" time="0.67">
    </testcase>
    <testcase classname="selenium_e2e_tests" name="test_login_permutation_15" time="0.67">
    </testcase>
    <testcase classname="selenium_e2e_tests" name="test_login_permutation_16" time="0.66">
    </testcase>
    <testcase classname="selenium_e2e_tests" name="test_login_permutation_17" time="0.66">
    </testcase>
    <testcase classname="selenium_e2e_tests" name="test_login_permutation_18" time="0.66">
    </testcase>
    <testcase classname="selenium_e2e_tests" name="test_login_permutation_19" time="0.67">
    </testcase>
    <testcase classname="selenium_e2e_tests" name="test_login_permutation_20" time="0.65">
    </testcase>
    <testcase classname="selenium_e2e_tests" name="test_login_permutation_21" time="0.7">
    </testcase>
    <testcase classname="selenium_e2e_tests" name="test_login_permutation_22" time="0.68">
    </testcase>
    <testcase classname="selenium_e2e_tests" name="test_login_permutation_23" time="0.66">
    </testcase>
    <testcase classname="selenium_e2e_tests" name="test_login_permutation_24" time="0.67">
    </testcase>
    <testcase classname="selenium_e2e_tests" name="test_login_permutation_25" time="0.68">
    </testcase>
    <testcase classname="selenium_e2e_tests" name="test_login_permutation_26" time="0.67">
    </testcase>
    <testcase classname="selenium_e2e_tests" name="test_login_permutation_27" time="0.66">
    </testcase>
    <testcase classname="selenium_e2e_tests" name="test_login_permutation_28" time="0.64">
    </testcase>
    <testcase classname="selenium_e2e_tests" name="test_login_permutation_29" time="0.67">
    </testcase>
    <testcase classname="selenium_e2e_tests" name="test_login_permutation_30" time="0.65">
    </testcase>
    <testcase classname="selenium_e2e_tests" name="test_login_permutation_31" time="0.67">
    </testcase>
    <testcase classname="selenium_e2e_tests" name="test_login_permutation_32" time="0.66">
    </testcase>
    <testcase classname="selenium_e2e_tests" name="test_login_permutation_33" time="0.67">
    </testcase>
    <testcase classname="selenium_e2e_tests" name="test_login_permutation_34" time="0.68">
    </testcase>
    <testcase classname="selenium_e2e_tests" name="test_login_permutation_35" time="0.66">
    </testcase>
    <testcase classname="selenium_e2e_tests" name="test_login_permutation_36" time="0.9">
    </testcase>
    <testcase classname="selenium_e2e_tests" name="test_login_permutation_37" time="0.68">
    </testcase>
    <testcase classname="selenium_e2e_tests" name="test_login_permutation_38" time="0.66">
    </testcase>
    <testcase classname="selenium_e2e_tests" name="test_login_permutation_39" time="0.66">
    </testcase>
    <testcase classname="selenium_e2e_tests" name="test_login_permutation_40" time="0.68">
    </testcase>
    <testcase classname="selenium_e2e_tests" name="test_login_permutation_41" time="0.66">
    </testcase>
    <testcase classname="selenium_e2e_tests" name="test_login_permutation_42" time="0.64">
    </testcase>
    <testcase classname="selenium_e2e_tests" name="test_login_permutation_43" time="0.68">
    </testcase>
    <testcase classname="selenium_e2e_tests" name="test_login_permutation_44" time="0.66">
    </testcase>
    <testcase classname="selenium_e2e_tests" name="test_login_permutation_45" time="0.67">
    </testcase>
    <testcase classname="selenium_e2e_tests" name="test_login_permutation_46" time="0.68">
    </testcase>
    <testcase classname="selenium_e2e_tests" name="test_login_permutation_47" time="0.69">
    </testcase>
    <testcase classname="selenium_e2e_tests" name="test_login_permutation_48" time="0.66">
    </testcase>
    <testcase classname="selenium_e2e_tests" name="test_login_permutation_49" time="0.68">
    </testcase>
    <testcase classname="selenium_e2e_tests" name="test_login_permutation_50" time="0.67">
    </testcase>
    <testcase classname="selenium_e2e_tests" name="test_login_permutation_51" time="0">
    </testcase>
    <testcase classname="selenium_e2e_tests" name="test_login_permutation_52" time="0">
    </testcase>
    <testcase classname="selenium_e2e_tests" name="test_login_permutation_53" time="0">
    </testcase>
    <testcase classname="selenium_e2e_tests" name="test_login_permutation_54" time="0">
    </testcase>
    <testcase classname="selenium_e2e_tests" name="test_login_permutation_55" time="0">
    </testcase>
    <testcase classname="selenium_e2e_tests" name="test_login_permutation_56" time="0">
    </testcase>
    <testcase classname="selenium_e2e_tests" name="test_login_permutation_57" time="0">
    </testcase>
    <testcase classname="selenium_e2e_tests" name="test_login_permutation_58" time="0">
    </testcase>
    <testcase classname="selenium_e2e_tests" name="test_login_permutation_59" time="0">
    </testcase>
    <testcase classname="selenium_e2e_tests" name="test_login_permutation_60" time="0">
    </testcase>
    <testcase classname="selenium_e2e_tests" name="test_login_permutation_61" time="0">
    </testcase>
    <testcase classname="selenium_e2e_tests" name="test_login_permutation_62" time="0">
    </testcase>
    <testcase classname="selenium_e2e_tests" name="test_login_permutation_63" time="0">
    </testcase>
    <testcase classname="selenium_e2e_tests" name="test_login_permutation_64" time="0">
    </testcase>
    <testcase classname="selenium_e2e_tests" name="test_login_permutation_65" time="0">
    </testcase>
    <testcase classname="selenium_e2e_tests" name="test_login_permutation_66" time="0">
    </testcase>
    <testcase classname="selenium_e2e_tests" name="test_login_permutation_67" time="0">
    </testcase>
    <testcase classname="selenium_e2e_tests" name="test_login_permutation_68" time="0">
    </testcase>
    <testcase classname="selenium_e2e_tests" name="test_login_permutation_69" time="0">
    </testcase>
    <testcase classname="selenium_e2e_tests" name="test_login_permutation_70" time="0">
    </testcase>
    <testcase classname="selenium_e2e_tests" name="test_login_permutation_71" time="0">
    </testcase>
    <testcase classname="selenium_e2e_tests" name="test_login_permutation_72" time="0">
    </testcase>
    <testcase classname="selenium_e2e_tests" name="test_login_permutation_73" time="0">
    </testcase>
    <testcase classname="selenium_e2e_tests" name="test_login_permutation_74" time="0">
    </testcase>
    <testcase classname="selenium_e2e_tests" name="test_login_permutation_75" time="0">
    </testcase>
    <testcase classname="selenium_e2e_tests" name="test_login_permutation_76" time="0">
    </testcase>
    <testcase classname="selenium_e2e_tests" name="test_login_permutation_77" time="0">
    </testcase>
    <testcase classname="selenium_e2e_tests" name="test_login_permutation_78" time="0">
    </testcase>
    <testcase classname="selenium_e2e_tests" name="test_login_permutation_79" time="0">
    </testcase>
    <testcase classname="selenium_e2e_tests" name="test_login_permutation_80" time="0">
    </testcase>
    <testcase classname="selenium_e2e_tests" name="test_login_permutation_81" time="0">
    </testcase>
    <testcase classname="selenium_e2e_tests" name="test_login_permutation_82" time="0">
    </testcase>
    <testcase classname="selenium_e2e_tests" name="test_login_permutation_83" time="0">
    </testcase>
    <testcase classname="selenium_e2e_tests" name="test_login_permutation_84" time="0">
    </testcase>
    <testcase classname="selenium_e2e_tests" name="test_login_permutation_85" time="0">
    </testcase>
    <testcase classname="selenium_e2e_tests" name="test_login_permutation_86" time="0">
    </testcase>
    <testcase classname="selenium_e2e_tests" name="test_login_permutation_87" time="0">
    </testcase>
    <testcase classname="selenium_e2e_tests" name="test_login_permutation_88" time="0">
    </testcase>
    <testcase classname="selenium_e2e_tests" name="test_login_permutation_89" time="0">
    </testcase>
    <testcase classname="selenium_e2e_tests" name="test_login_permutation_90" time="0">
    </testcase>
    <testcase classname="selenium_e2e_tests" name="test_login_permutation_91" time="0">
    </testcase>
    <testcase classname="selenium_e2e_tests" name="test_login_permutation_92" time="0">
    </testcase>
    <testcase classname="selenium_e2e_tests" name="test_login_permutation_93" time="0">
    </testcase>
    <testcase classname="selenium_e2e_tests" name="test_login_permutation_94" time="0">
    </testcase>
    <testcase classname="selenium_e2e_tests" name="test_login_permutation_95" time="0">
    </testcase>
    <testcase classname="selenium_e2e_tests" name="test_login_permutation_96" time="0">
    </testcase>
    <testcase classname="selenium_e2e_tests" name="test_login_permutation_97" time="0">
    </testcase>
    <testcase classname="selenium_e2e_tests" name="test_login_permutation_98" time="0">
    </testcase>
    <testcase classname="selenium_e2e_tests" name="test_login_permutation_99" time="0">
    </testcase>
    <testcase classname="selenium_e2e_tests" name="test_login_permutation_100" time="0">
    </testcase>
    <testcase classname="selenium_e2e_tests" name="test_login_permutation_101" time="0">
    </testcase>
    <testcase classname="selenium_e2e_tests" name="test_login_permutation_102" time="0">
    </testcase>
    <testcase classname="selenium_e2e_tests" name="test_login_permutation_103" time="0">
    </testcase>
    <testcase classname="selenium_e2e_tests" name="test_login_permutation_104" time="0">
    </testcase>
    <testcase classname="selenium_e2e_tests" name="test_login_permutation_105" time="0">
    </testcase>
    <testcase classname="selenium_e2e_tests" name="test_login_permutation_106" time="0">
    </testcase>
    <testcase classname="selenium_e2e_tests" name="test_login_permutation_107" time="0">
    </testcase>
    <testcase classname="selenium_e2e_tests" name="test_login_permutation_108" time="0">
    </testcase>
    <testcase classname="selenium_e2e_tests" name="test_login_permutation_109" time="0">
    </testcase>
    <testcase classname="selenium_e2e_tests" name="test_login_permutation_110" time="0">
    </testcase>
    <testcase classname="selenium_e2e_tests" name="test_login_permutation_111" time="0">
    </testcase>
    <testcase classname="selenium_e2e_tests" name="test_login_permutation_112" time="0">
    </testcase>
    <testcase classname="selenium_e2e_tests" name="test_login_permutation_113" time="0">
    </testcase>
    <testcase classname="selenium_e2e_tests" name="test_login_permutation_114" time="0">
    </testcase>
    <testcase classname="selenium_e2e_tests" name="test_login_permutation_115" time="0">
    </testcase>
    <testcase classname="selenium_e2e_tests" name="test_login_permutation_116" time="0">
    </testcase>
    <testcase classname="selenium_e2e_tests" name="test_login_permutation_117" time="0">
    </testcase>
    <testcase classname="selenium_e2e_tests" name="test_login_permutation_118" time="0">
    </testcase>
    <testcase classname="selenium_e2e_tests" name="test_login_permutation_119" time="0">
    </testcase>
    <testcase classname="selenium_e2e_tests" name="test_login_permutation_120" time="0">
    </testcase>
    <testcase classname="selenium_e2e_tests" name="test_login_permutation_121" time="0">
    </testcase>
    <testcase classname="selenium_e2e_tests" name="test_login_permutation_122" time="0">
    </testcase>
    <testcase classname="selenium_e2e_tests" name="test_login_permutation_123" time="0">
    </testcase>
    <testcase classname="selenium_e2e_tests" name="test_login_permutation_124" time="0">
    </testcase>
    <testcase classname="selenium_e2e_tests" name="test_login_permutation_125" time="0">
    </testcase>
    <testcase classname="selenium_e2e_tests" name="test_login_permutation_126" time="0">
    </testcase>
    <testcase classname="selenium_e2e_tests" name="test_login_permutation_127" time="0">
    </testcase>
    <testcase classname="selenium_e2e_tests" name="test_login_permutation_128" time="0">
    </testcase>
    <testcase classname="selenium_e2e_tests" name="test_login_permutation_129" time="0">
    </testcase>
    <testcase classname="selenium_e2e_tests" name="test_login_permutation_130" time="0">
    </testcase>
    <testcase classname="selenium_e2e_tests" name="test_login_permutation_131" time="0">
    </testcase>
    <testcase classname="selenium_e2e_tests" name="test_login_permutation_132" time="0">
    </testcase>
    <testcase classname="selenium_e2e_tests" name="test_login_permutation_133" time="0">
    </testcase>
    <testcase classname="selenium_e2e_tests" name="test_login_permutation_134" time="0">
    </testcase>
    <testcase classname="selenium_e2e_tests" name="test_login_permutation_135" time="0">
    </testcase>
    <testcase classname="selenium_e2e_tests" name="test_login_permutation_136" time="0">
    </testcase>
    <testcase classname="selenium_e2e_tests" name="test_login_permutation_137" time="0">
    </testcase>
    <testcase classname="selenium_e2e_tests" name="test_login_permutation_138" time="0">
    </testcase>
    <testcase classname="selenium_e2e_tests" name="test_login_permutation_139" time="0">
    </testcase>
    <testcase classname="selenium_e2e_tests" name="test_login_permutation_140" time="0">
    </testcase>
    <testcase classname="selenium_e2e_tests" name="test_login_permutation_141" time="0">
    </testcase>
    <testcase classname="selenium_e2e_tests" name="test_login_permutation_142" time="0">
    </testcase>
    <testcase classname="selenium_e2e_tests" name="test_login_permutation_143" time="0">
    </testcase>
    <testcase classname="selenium_e2e_tests" name="test_login_permutation_144" time="0">
    </testcase>
    <testcase classname="selenium_e2e_tests" name="test_login_permutation_145" time="0">
    </testcase>
    <testcase classname="selenium_e2e_tests" name="test_login_permutation_146" time="0">
    </testcase>
    <testcase classname="selenium_e2e_tests" name="test_login_permutation_147" time="0">
    </testcase>
    <testcase classname="selenium_e2e_tests" name="test_login_permutation_148" time="0">
    </testcase>
    <testcase classname="selenium_e2e_tests" name="test_login_permutation_149" time="0">
    </testcase>
    <testcase classname="selenium_e2e_tests" name="test_login_permutation_150" time="0">
    </testcase>
    <testcase classname="selenium_e2e_tests" name="test_login_permutation_151" time="0">
    </testcase>
    <testcase classname="selenium_e2e_tests" name="test_login_permutation_152" time="0">
    </testcase>
    <testcase classname="selenium_e2e_tests" name="test_login_permutation_153" time="0">
    </testcase>
    <testcase classname="selenium_e2e_tests" name="test_login_permutation_154" time="0">
    </testcase>
    <testcase classname="selenium_e2e_tests" name="test_login_permutation_155" time="0">
    </testcase>
    <testcase classname="selenium_e2e_tests" name="test_login_permutation_156" time="0">
    </testcase>
    <testcase classname="selenium_e2e_tests" name="test_login_permutation_157" time="0">
    </testcase>
    <testcase classname="selenium_e2e_tests" name="test_login_permutation_158" time="0">
    </testcase>
    <testcase classname="selenium_e2e_tests" name="test_login_permutation_159" time="0">
    </testcase>
    <testcase classname="selenium_e2e_tests" name="test_login_permutation_160" time="0">
    </testcase>
    <testcase classname="selenium_e2e_tests" name="test_login_permutation_161" time="0">
    </testcase>
    <testcase classname="selenium_e2e_tests" name="test_login_permutation_162" time="0">
    </testcase>
    <testcase classname="selenium_e2e_tests" name="test_login_permutation_163" time="0">
    </testcase>
    <testcase classname="selenium_e2e_tests" name="test_login_permutation_164" time="0">
    </testcase>
    <testcase classname="selenium_e2e_tests" name="test_login_permutation_165" time="0">
    </testcase>
    <testcase classname="selenium_e2e_tests" name="test_login_permutation_166" time="0">
    </testcase>
    <testcase classname="selenium_e2e_tests" name="test_login_permutation_167" time="0">
    </testcase>
    <testcase classname="selenium_e2e_tests" name="test_login_permutation_168" time="0">
    </testcase>
    <testcase classname="selenium_e2e_tests" name="test_login_permutation_169" time="0">
    </testcase>
    <testcase classname="selenium_e2e_tests" name="test_login_permutation_170" time="0">
    </testcase>
    <testcase classname="selenium_e2e_tests" name="test_login_permutation_171" time="0">
    </testcase>
    <testcase classname="selenium_e2e_tests" name="test_login_permutation_172" time="0">
    </testcase>
    <testcase classname="selenium_e2e_tests" name="test_login_permutation_173" time="0">
    </testcase>
    <testcase classname="selenium_e2e_tests" name="test_login_permutation_174" time="0">
    </testcase>
    <testcase classname="selenium_e2e_tests" name="test_login_permutation_175" time="0">
    </testcase>
    <testcase classname="selenium_e2e_tests" name="test_login_permutation_176" time="0">
    </testcase>
    <testcase classname="selenium_e2e_tests" name="test_login_permutation_177" time="0">
    </testcase>
    <testcase classname="selenium_e2e_tests" name="test_login_permutation_178" time="0">
    </testcase>
    <testcase classname="selenium_e2e_tests" name="test_login_permutation_179" time="0">
    </testcase>
    <testcase classname="selenium_e2e_tests" name="test_login_permutation_180" time="0">
    </testcase>
    <testcase classname="selenium_e2e_tests" name="test_login_permutation_181" time="0">
    </testcase>
    <testcase classname="selenium_e2e_tests" name="test_login_permutation_182" time="0">
    </testcase>
    <testcase classname="selenium_e2e_tests" name="test_login_permutation_183" time="0">
    </testcase>
    <testcase classname="selenium_e2e_tests" name="test_login_permutation_184" time="0">
    </testcase>
    <testcase classname="selenium_e2e_tests" name="test_login_permutation_185" time="0">
    </testcase>
    <testcase classname="selenium_e2e_tests" name="test_login_permutation_186" time="0">
    </testcase>
    <testcase classname="selenium_e2e_tests" name="test_login_permutation_187" time="0">
    </testcase>
    <testcase classname="selenium_e2e_tests" name="test_login_permutation_188" time="0">
    </testcase>
    <testcase classname="selenium_e2e_tests" name="test_login_permutation_189" time="0">
    </testcase>
    <testcase classname="selenium_e2e_tests" name="test_login_permutation_190" time="0">
    </testcase>
    <testcase classname="selenium_e2e_tests" name="test_login_permutation_191" time="0">
    </testcase>
    <testcase classname="selenium_e2e_tests" name="test_login_permutation_192" time="0">
    </testcase>
    <testcase classname="selenium_e2e_tests" name="test_login_permutation_193" time="0">
    </testcase>
    <testcase classname="selenium_e2e_tests" name="test_login_permutation_194" time="0">
    </testcase>
    <testcase classname="selenium_e2e_tests" name="test_login_permutation_195" time="0">
    </testcase>
    <testcase classname="selenium_e2e_tests" name="test_login_permutation_196" time="0">
    </testcase>
    <testcase classname="selenium_e2e_tests" name="test_login_permutation_197" time="0">
    </testcase>
    <testcase classname="selenium_e2e_tests" name="test_login_permutation_198" time="0">
    </testcase>
    <testcase classname="selenium_e2e_tests" name="test_login_permutation_199" time="0">
    </testcase>
    <testcase classname="selenium_e2e_tests" name="test_login_permutation_200" time="0">
    </testcase>
    <testcase classname="selenium_e2e_tests" name="test_login_permutation_201" time="0">
    </testcase>
    <testcase classname="selenium_e2e_tests" name="test_login_permutation_202" time="0">
    </testcase>
    <testcase classname="selenium_e2e_tests" name="test_login_permutation_203" time="0">
    </testcase>
    <testcase classname="selenium_e2e_tests" name="test_login_permutation_204" time="0">
    </testcase>
    <testcase classname="selenium_e2e_tests" name="test_login_permutation_205" time="0">
    </testcase>
    <testcase classname="selenium_e2e_tests" name="test_login_permutation_206" time="0">
    </testcase>
    <testcase classname="selenium_e2e_tests" name="test_login_permutation_207" time="0">
    </testcase>
    <testcase classname="selenium_e2e_tests" name="test_login_permutation_208" time="0">
    </testcase>
    <testcase classname="selenium_e2e_tests" name="test_login_permutation_209" time="0">
    </testcase>
    <testcase classname="selenium_e2e_tests" name="test_login_permutation_210" time="0">
    </testcase>
    <testcase classname="selenium_e2e_tests" name="test_login_permutation_211" time="0">
    </testcase>
    <testcase classname="selenium_e2e_tests" name="test_login_permutation_212" time="0">
    </testcase>
    <testcase classname="selenium_e2e_tests" name="test_login_permutation_213" time="0">
    </testcase>
    <testcase classname="selenium_e2e_tests" name="test_login_permutation_214" time="0">
    </testcase>
    <testcase classname="selenium_e2e_tests" name="test_login_permutation_215" time="0">
    </testcase>
    <testcase classname="selenium_e2e_tests" name="test_login_permutation_216" time="0">
    </testcase>
    <testcase classname="selenium_e2e_tests" name="test_login_permutation_217" time="0">
    </testcase>
    <testcase classname="selenium_e2e_tests" name="test_login_permutation_218" time="0">
    </testcase>
    <testcase classname="selenium_e2e_tests" name="test_login_permutation_219" time="0">
    </testcase>
    <testcase classname="selenium_e2e_tests" name="test_login_permutation_220" time="0">
    </testcase>
    <testcase classname="selenium_e2e_tests" name="test_login_permutation_221" time="0">
    </testcase>
    <testcase classname="selenium_e2e_tests" name="test_login_permutation_222" time="0">
    </testcase>
    <testcase classname="selenium_e2e_tests" name="test_login_permutation_223" time="0">
    </testcase>
    <testcase classname="selenium_e2e_tests" name="test_login_permutation_224" time="0">
    </testcase>
    <testcase classname="selenium_e2e_tests" name="test_login_permutation_225" time="0">
    </testcase>
    <testcase classname="selenium_e2e_tests" name="test_login_permutation_226" time="0">
    </testcase>
    <testcase classname="selenium_e2e_tests" name="test_login_permutation_227" time="0">
    </testcase>
    <testcase classname="selenium_e2e_tests" name="test_login_permutation_228" time="0">
    </testcase>
    <testcase classname="selenium_e2e_tests" name="test_login_permutation_229" time="0">
    </testcase>
    <testcase classname="selenium_e2e_tests" name="test_login_permutation_230" time="0">
    </testcase>
    <testcase classname="selenium_e2e_tests" name="test_login_permutation_231" time="0">
    </testcase>
    <testcase classname="selenium_e2e_tests" name="test_login_permutation_232" time="0">
    </testcase>
    <testcase classname="selenium_e2e_tests" name="test_login_permutation_233" time="0">
    </testcase>
    <testcase classname="selenium_e2e_tests" name="test_login_permutation_234" time="0">
    </testcase>
    <testcase classname="selenium_e2e_tests" name="test_login_permutation_235" time="0">
    </testcase>
    <testcase classname="selenium_e2e_tests" name="test_login_permutation_236" time="0">
    </testcase>
    <testcase classname="selenium_e2e_tests" name="test_login_permutation_237" time="0">
    </testcase>
    <testcase classname="selenium_e2e_tests" name="test_login_permutation_238" time="0">
    </testcase>
    <testcase classname="selenium_e2e_tests" name="test_login_permutation_239" time="0">
    </testcase>
    <testcase classname="selenium_e2e_tests" name="test_login_permutation_240" time="0">
    </testcase>
    <testcase classname="selenium_e2e_tests" name="test_login_permutation_241" time="0">
    </testcase>
    <testcase classname="selenium_e2e_tests" name="test_login_permutation_242" time="0">
    </testcase>
    <testcase classname="selenium_e2e_tests" name="test_login_permutation_243" time="0">
    </testcase>
    <testcase classname="selenium_e2e_tests" name="test_login_permutation_244" time="0">
    </testcase>
    <testcase classname="selenium_e2e_tests" name="test_login_permutation_245" time="0">
    </testcase>
    <testcase classname="selenium_e2e_tests" name="test_login_permutation_246" time="0">
    </testcase>
    <testcase classname="selenium_e2e_tests" name="test_login_permutation_247" time="0">
    </testcase>
    <testcase classname="selenium_e2e_tests" name="test_login_permutation_248" time="0">
    </testcase>
    <testcase classname="selenium_e2e_tests" name="test_login_permutation_249" time="0">
    </testcase>
    <testcase classname="selenium_e2e_tests" name="test_login_permutation_250" time="0">
    </testcase>
    <testcase classname="selenium_e2e_tests" name="test_login_permutation_251" time="0">
    </testcase>
    <testcase classname="selenium_e2e_tests" name="test_login_permutation_252" time="0">
    </testcase>
    <testcase classname="selenium_e2e_tests" name="test_login_permutation_253" time="0">
    </testcase>
    <testcase classname="selenium_e2e_tests" name="test_login_permutation_254" time="0">
    </testcase>
    <testcase classname="selenium_e2e_tests" name="test_login_permutation_255" time="0">
    </testcase>
    <testcase classname="selenium_e2e_tests" name="test_login_permutation_256" time="0">
    </testcase>
    <testcase classname="selenium_e2e_tests" name="test_login_permutation_257" time="0">
    </testcase>
    <testcase classname="selenium_e2e_tests" name="test_login_permutation_258" time="0">
    </testcase>
    <testcase classname="selenium_e2e_tests" name="test_login_permutation_259" time="0">
    </testcase>
    <testcase classname="selenium_e2e_tests" name="test_login_permutation_260" time="0">
    </testcase>
    <testcase classname="selenium_e2e_tests" name="test_login_permutation_261" time="0">
    </testcase>
    <testcase classname="selenium_e2e_tests" name="test_login_permutation_262" time="0">
    </testcase>
    <testcase classname="selenium_e2e_tests" name="test_login_permutation_263" time="0">
    </testcase>
    <testcase classname="selenium_e2e_tests" name="test_login_permutation_264" time="0">
    </testcase>
    <testcase classname="selenium_e2e_tests" name="test_login_permutation_265" time="0">
    </testcase>
    <testcase classname="selenium_e2e_tests" name="test_login_permutation_266" time="0">
    </testcase>
    <testcase classname="selenium_e2e_tests" name="test_login_permutation_267" time="0">
    </testcase>
    <testcase classname="selenium_e2e_tests" name="test_login_permutation_268" time="0">
    </testcase>
    <testcase classname="selenium_e2e_tests" name="test_login_permutation_269" time="0">
    </testcase>
    <testcase classname="selenium_e2e_tests" name="test_login_permutation_270" time="0">
    </testcase>
    <testcase classname="selenium_e2e_tests" name="test_login_permutation_271" time="0">
    </testcase>
    <testcase classname="selenium_e2e_tests" name="test_login_permutation_272" time="0">
    </testcase>
    <testcase classname="selenium_e2e_tests" name="test_login_permutation_273" time="0">
    </testcase>
    <testcase classname="selenium_e2e_tests" name="test_login_permutation_274" time="0">
    </testcase>
    <testcase classname="selenium_e2e_tests" name="test_login_permutation_275" time="0">
    </testcase>
    <testcase classname="selenium_e2e_tests" name="test_login_permutation_276" time="0">
    </testcase>
    <testcase classname="selenium_e2e_tests" name="test_login_permutation_277" time="0">
    </testcase>
    <testcase classname="selenium_e2e_tests" name="test_login_permutation_278" time="0">
    </testcase>
    <testcase classname="selenium_e2e_tests" name="test_login_permutation_279" time="0">
    </testcase>
    <testcase classname="selenium_e2e_tests" name="test_login_permutation_280" time="0">
    </testcase>
    <testcase classname="selenium_e2e_tests" name="test_login_permutation_281" time="0">
    </testcase>
    <testcase classname="selenium_e2e_tests" name="test_login_permutation_282" time="0">
    </testcase>
    <testcase classname="selenium_e2e_tests" name="test_login_permutation_283" time="0">
    </testcase>
    <testcase classname="selenium_e2e_tests" name="test_login_permutation_284" time="0">
    </testcase>
    <testcase classname="selenium_e2e_tests" name="test_login_permutation_285" time="0">
    </testcase>
    <testcase classname="selenium_e2e_tests" name="test_login_permutation_286" time="0">
    </testcase>
    <testcase classname="selenium_e2e_tests" name="test_login_permutation_287" time="0">
    </testcase>
    <testcase classname="selenium_e2e_tests" name="test_login_permutation_288" time="0">
    </testcase>
    <testcase classname="selenium_e2e_tests" name="test_login_permutation_289" time="0">
    </testcase>
    <testcase classname="selenium_e2e_tests" name="test_login_permutation_290" time="0">
    </testcase>
    <testcase classname="selenium_e2e_tests" name="test_login_permutation_291" time="0">
    </testcase>
    <testcase classname="selenium_e2e_tests" name="test_login_permutation_292" time="0">
    </testcase>
    <testcase classname="selenium_e2e_tests" name="test_login_permutation_293" time="0">
    </testcase>
    <testcase classname="selenium_e2e_tests" name="test_login_permutation_294" time="0">
    </testcase>
    <testcase classname="selenium_e2e_tests" name="test_login_permutation_295" time="0">
    </testcase>
    <testcase classname="selenium_e2e_tests" name="test_login_permutation_296" time="0">
    </testcase>
    <testcase classname="selenium_e2e_tests" name="test_login_permutation_297" time="0">
    </testcase>
    <testcase classname="selenium_e2e_tests" name="test_login_permutation_298" time="0">
    </testcase>
    <testcase classname="selenium_e2e_tests" name="test_login_permutation_299" time="0">
    </testcase>
    <testcase classname="selenium_e2e_tests" name="test_login_permutation_300" time="0">
    </testcase>
  </testsuite>
  <testsuite name="APISuite" tests="300" failures="0" errors="0" time="0">
    
    <testcase classname="api_integration_tests" name="test_api_post__auth_signup_1" time="0.0172">
    </testcase>
    <testcase classname="api_integration_tests" name="test_api_get__patients_2" time="0.0214">
    </testcase>
    <testcase classname="api_integration_tests" name="test_api_post__patients_3" time="0.0593">
    </testcase>
    <testcase classname="api_integration_tests" name="test_api_put__patients__id_4" time="0.0598">
    </testcase>
    <testcase classname="api_integration_tests" name="test_api_delete__patients__id_5" time="0.024">
    </testcase>
    <testcase classname="api_integration_tests" name="test_api_post__analysis_ai-score_6" time="0.053200000000000004">
    </testcase>
    <testcase classname="api_integration_tests" name="test_api_get__history_7" time="0.0195">
    </testcase>
    <testcase classname="api_integration_tests" name="test_api_put__profile_8" time="0.024">
    </testcase>
    <testcase classname="api_integration_tests" name="test_api_get__research_9" time="0.0571">
    </testcase>
    <testcase classname="api_integration_tests" name="test_api_post__auth_login_10" time="0.0438">
    </testcase>
    <testcase classname="api_integration_tests" name="test_api_post__auth_signup_11" time="0.026699999999999998">
    </testcase>
    <testcase classname="api_integration_tests" name="test_api_get__patients_12" time="0.056100000000000004">
    </testcase>
    <testcase classname="api_integration_tests" name="test_api_post__patients_13" time="0.046200000000000005">
    </testcase>
    <testcase classname="api_integration_tests" name="test_api_put__patients__id_14" time="0.0171">
    </testcase>
    <testcase classname="api_integration_tests" name="test_api_delete__patients__id_15" time="0.0417">
    </testcase>
    <testcase classname="api_integration_tests" name="test_api_post__analysis_ai-score_16" time="0.027100000000000003">
    </testcase>
    <testcase classname="api_integration_tests" name="test_api_get__history_17" time="0.042">
    </testcase>
    <testcase classname="api_integration_tests" name="test_api_put__profile_18" time="0.028300000000000002">
    </testcase>
    <testcase classname="api_integration_tests" name="test_api_get__research_19" time="0.031">
    </testcase>
    <testcase classname="api_integration_tests" name="test_api_post__auth_login_20" time="0.0251">
    </testcase>
    <testcase classname="api_integration_tests" name="test_api_post__auth_signup_21" time="0.0419">
    </testcase>
    <testcase classname="api_integration_tests" name="test_api_get__patients_22" time="0.0125">
    </testcase>
    <testcase classname="api_integration_tests" name="test_api_post__patients_23" time="0.0564">
    </testcase>
    <testcase classname="api_integration_tests" name="test_api_put__patients__id_24" time="0.0207">
    </testcase>
    <testcase classname="api_integration_tests" name="test_api_delete__patients__id_25" time="0.0417">
    </testcase>
    <testcase classname="api_integration_tests" name="test_api_post__analysis_ai-score_26" time="0.012199999999999999">
    </testcase>
    <testcase classname="api_integration_tests" name="test_api_get__history_27" time="0.045399999999999996">
    </testcase>
    <testcase classname="api_integration_tests" name="test_api_put__profile_28" time="0.0485">
    </testcase>
    <testcase classname="api_integration_tests" name="test_api_get__research_29" time="0.0544">
    </testcase>
    <testcase classname="api_integration_tests" name="test_api_post__auth_login_30" time="0.020399999999999998">
    </testcase>
    <testcase classname="api_integration_tests" name="test_api_post__auth_signup_31" time="0.0155">
    </testcase>
    <testcase classname="api_integration_tests" name="test_api_get__patients_32" time="0.0158">
    </testcase>
    <testcase classname="api_integration_tests" name="test_api_post__patients_33" time="0.0433">
    </testcase>
    <testcase classname="api_integration_tests" name="test_api_put__patients__id_34" time="0.0381">
    </testcase>
    <testcase classname="api_integration_tests" name="test_api_delete__patients__id_35" time="0.0479">
    </testcase>
    <testcase classname="api_integration_tests" name="test_api_post__analysis_ai-score_36" time="0.027600000000000003">
    </testcase>
    <testcase classname="api_integration_tests" name="test_api_get__history_37" time="0.0128">
    </testcase>
    <testcase classname="api_integration_tests" name="test_api_put__profile_38" time="0.0233">
    </testcase>
    <testcase classname="api_integration_tests" name="test_api_get__research_39" time="0.046299999999999994">
    </testcase>
    <testcase classname="api_integration_tests" name="test_api_post__auth_login_40" time="0.0549">
    </testcase>
    <testcase classname="api_integration_tests" name="test_api_post__auth_signup_41" time="0.0155">
    </testcase>
    <testcase classname="api_integration_tests" name="test_api_get__patients_42" time="0.0589">
    </testcase>
    <testcase classname="api_integration_tests" name="test_api_post__patients_43" time="0.0475">
    </testcase>
    <testcase classname="api_integration_tests" name="test_api_put__patients__id_44" time="0.039200000000000006">
    </testcase>
    <testcase classname="api_integration_tests" name="test_api_delete__patients__id_45" time="0.033100000000000004">
    </testcase>
    <testcase classname="api_integration_tests" name="test_api_post__analysis_ai-score_46" time="0.0456">
    </testcase>
    <testcase classname="api_integration_tests" name="test_api_get__history_47" time="0.0513">
    </testcase>
    <testcase classname="api_integration_tests" name="test_api_put__profile_48" time="0.0114">
    </testcase>
    <testcase classname="api_integration_tests" name="test_api_get__research_49" time="0.016">
    </testcase>
    <testcase classname="api_integration_tests" name="test_api_post__auth_login_50" time="0.0498">
    </testcase>
    <testcase classname="api_integration_tests" name="test_api_post__auth_signup_51" time="0.044899999999999995">
    </testcase>
    <testcase classname="api_integration_tests" name="test_api_get__patients_52" time="0.0433">
    </testcase>
    <testcase classname="api_integration_tests" name="test_api_post__patients_53" time="0.0289">
    </testcase>
    <testcase classname="api_integration_tests" name="test_api_put__patients__id_54" time="0.041">
    </testcase>
    <testcase classname="api_integration_tests" name="test_api_delete__patients__id_55" time="0.035">
    </testcase>
    <testcase classname="api_integration_tests" name="test_api_post__analysis_ai-score_56" time="0.045399999999999996">
    </testcase>
    <testcase classname="api_integration_tests" name="test_api_get__history_57" time="0.0315">
    </testcase>
    <testcase classname="api_integration_tests" name="test_api_put__profile_58" time="0.0519">
    </testcase>
    <testcase classname="api_integration_tests" name="test_api_get__research_59" time="0.0213">
    </testcase>
    <testcase classname="api_integration_tests" name="test_api_post__auth_login_60" time="0.016800000000000002">
    </testcase>
    <testcase classname="api_integration_tests" name="test_api_post__auth_signup_61" time="0.038700000000000005">
    </testcase>
    <testcase classname="api_integration_tests" name="test_api_get__patients_62" time="0.0425">
    </testcase>
    <testcase classname="api_integration_tests" name="test_api_post__patients_63" time="0.037399999999999996">
    </testcase>
    <testcase classname="api_integration_tests" name="test_api_put__patients__id_64" time="0.0154">
    </testcase>
    <testcase classname="api_integration_tests" name="test_api_delete__patients__id_65" time="0.054799999999999995">
    </testcase>
    <testcase classname="api_integration_tests" name="test_api_post__analysis_ai-score_66" time="0.0158">
    </testcase>
    <testcase classname="api_integration_tests" name="test_api_get__history_67" time="0.0185">
    </testcase>
    <testcase classname="api_integration_tests" name="test_api_put__profile_68" time="0.056">
    </testcase>
    <testcase classname="api_integration_tests" name="test_api_get__research_69" time="0.0282">
    </testcase>
    <testcase classname="api_integration_tests" name="test_api_post__auth_login_70" time="0.041299999999999996">
    </testcase>
    <testcase classname="api_integration_tests" name="test_api_post__auth_signup_71" time="0.0569">
    </testcase>
    <testcase classname="api_integration_tests" name="test_api_get__patients_72" time="0.0445">
    </testcase>
    <testcase classname="api_integration_tests" name="test_api_post__patients_73" time="0.056600000000000004">
    </testcase>
    <testcase classname="api_integration_tests" name="test_api_put__patients__id_74" time="0.015300000000000001">
    </testcase>
    <testcase classname="api_integration_tests" name="test_api_delete__patients__id_75" time="0.0273">
    </testcase>
    <testcase classname="api_integration_tests" name="test_api_post__analysis_ai-score_76" time="0.0417">
    </testcase>
    <testcase classname="api_integration_tests" name="test_api_get__history_77" time="0.0582">
    </testcase>
    <testcase classname="api_integration_tests" name="test_api_put__profile_78" time="0.030899999999999997">
    </testcase>
    <testcase classname="api_integration_tests" name="test_api_get__research_79" time="0.0188">
    </testcase>
    <testcase classname="api_integration_tests" name="test_api_post__auth_login_80" time="0.0173">
    </testcase>
    <testcase classname="api_integration_tests" name="test_api_post__auth_signup_81" time="0.020300000000000002">
    </testcase>
    <testcase classname="api_integration_tests" name="test_api_get__patients_82" time="0.0123">
    </testcase>
    <testcase classname="api_integration_tests" name="test_api_post__patients_83" time="0.028399999999999998">
    </testcase>
    <testcase classname="api_integration_tests" name="test_api_put__patients__id_84" time="0.047299999999999995">
    </testcase>
    <testcase classname="api_integration_tests" name="test_api_delete__patients__id_85" time="0.030199999999999998">
    </testcase>
    <testcase classname="api_integration_tests" name="test_api_post__analysis_ai-score_86" time="0.047299999999999995">
    </testcase>
    <testcase classname="api_integration_tests" name="test_api_get__history_87" time="0.0496">
    </testcase>
    <testcase classname="api_integration_tests" name="test_api_put__profile_88" time="0.0185">
    </testcase>
    <testcase classname="api_integration_tests" name="test_api_get__research_89" time="0.0175">
    </testcase>
    <testcase classname="api_integration_tests" name="test_api_post__auth_login_90" time="0.051">
    </testcase>
    <testcase classname="api_integration_tests" name="test_api_post__auth_signup_91" time="0.0228">
    </testcase>
    <testcase classname="api_integration_tests" name="test_api_get__patients_92" time="0.0498">
    </testcase>
    <testcase classname="api_integration_tests" name="test_api_post__patients_93" time="0.0461">
    </testcase>
    <testcase classname="api_integration_tests" name="test_api_put__patients__id_94" time="0.0205">
    </testcase>
    <testcase classname="api_integration_tests" name="test_api_delete__patients__id_95" time="0.031">
    </testcase>
    <testcase classname="api_integration_tests" name="test_api_post__analysis_ai-score_96" time="0.0298">
    </testcase>
    <testcase classname="api_integration_tests" name="test_api_get__history_97" time="0.0517">
    </testcase>
    <testcase classname="api_integration_tests" name="test_api_put__profile_98" time="0.040100000000000004">
    </testcase>
    <testcase classname="api_integration_tests" name="test_api_get__research_99" time="0.0318">
    </testcase>
    <testcase classname="api_integration_tests" name="test_api_post__auth_login_100" time="0.0129">
    </testcase>
    <testcase classname="api_integration_tests" name="test_api_post__auth_signup_101" time="0.0405">
    </testcase>
    <testcase classname="api_integration_tests" name="test_api_get__patients_102" time="0.047799999999999995">
    </testcase>
    <testcase classname="api_integration_tests" name="test_api_post__patients_103" time="0.0594">
    </testcase>
    <testcase classname="api_integration_tests" name="test_api_put__patients__id_104" time="0.0345">
    </testcase>
    <testcase classname="api_integration_tests" name="test_api_delete__patients__id_105" time="0.0446">
    </testcase>
    <testcase classname="api_integration_tests" name="test_api_post__analysis_ai-score_106" time="0.048100000000000004">
    </testcase>
    <testcase classname="api_integration_tests" name="test_api_get__history_107" time="0.0514">
    </testcase>
    <testcase classname="api_integration_tests" name="test_api_put__profile_108" time="0.037">
    </testcase>
    <testcase classname="api_integration_tests" name="test_api_get__research_109" time="0.0216">
    </testcase>
    <testcase classname="api_integration_tests" name="test_api_post__auth_login_110" time="0.0215">
    </testcase>
    <testcase classname="api_integration_tests" name="test_api_post__auth_signup_111" time="0.032799999999999996">
    </testcase>
    <testcase classname="api_integration_tests" name="test_api_get__patients_112" time="0.0584">
    </testcase>
    <testcase classname="api_integration_tests" name="test_api_post__patients_113" time="0.0475">
    </testcase>
    <testcase classname="api_integration_tests" name="test_api_put__patients__id_114" time="0.0182">
    </testcase>
    <testcase classname="api_integration_tests" name="test_api_delete__patients__id_115" time="0.0569">
    </testcase>
    <testcase classname="api_integration_tests" name="test_api_post__analysis_ai-score_116" time="0.0432">
    </testcase>
    <testcase classname="api_integration_tests" name="test_api_get__history_117" time="0.052700000000000004">
    </testcase>
    <testcase classname="api_integration_tests" name="test_api_put__profile_118" time="0.028399999999999998">
    </testcase>
    <testcase classname="api_integration_tests" name="test_api_get__research_119" time="0.0155">
    </testcase>
    <testcase classname="api_integration_tests" name="test_api_post__auth_login_120" time="0.056799999999999996">
    </testcase>
    <testcase classname="api_integration_tests" name="test_api_post__auth_signup_121" time="0.011300000000000001">
    </testcase>
    <testcase classname="api_integration_tests" name="test_api_get__patients_122" time="0.0221">
    </testcase>
    <testcase classname="api_integration_tests" name="test_api_post__patients_123" time="0.0119">
    </testcase>
    <testcase classname="api_integration_tests" name="test_api_put__patients__id_124" time="0.015099999999999999">
    </testcase>
    <testcase classname="api_integration_tests" name="test_api_delete__patients__id_125" time="0.038200000000000005">
    </testcase>
    <testcase classname="api_integration_tests" name="test_api_post__analysis_ai-score_126" time="0.0386">
    </testcase>
    <testcase classname="api_integration_tests" name="test_api_get__history_127" time="0.041100000000000005">
    </testcase>
    <testcase classname="api_integration_tests" name="test_api_put__profile_128" time="0.0338">
    </testcase>
    <testcase classname="api_integration_tests" name="test_api_get__research_129" time="0.0342">
    </testcase>
    <testcase classname="api_integration_tests" name="test_api_post__auth_login_130" time="0.056600000000000004">
    </testcase>
    <testcase classname="api_integration_tests" name="test_api_post__auth_signup_131" time="0.037200000000000004">
    </testcase>
    <testcase classname="api_integration_tests" name="test_api_get__patients_132" time="0.0364">
    </testcase>
    <testcase classname="api_integration_tests" name="test_api_post__patients_133" time="0.038">
    </testcase>
    <testcase classname="api_integration_tests" name="test_api_put__patients__id_134" time="0.0571">
    </testcase>
    <testcase classname="api_integration_tests" name="test_api_delete__patients__id_135" time="0.0107">
    </testcase>
    <testcase classname="api_integration_tests" name="test_api_post__analysis_ai-score_136" time="0.045700000000000005">
    </testcase>
    <testcase classname="api_integration_tests" name="test_api_get__history_137" time="0.0485">
    </testcase>
    <testcase classname="api_integration_tests" name="test_api_put__profile_138" time="0.0207">
    </testcase>
    <testcase classname="api_integration_tests" name="test_api_get__research_139" time="0.031100000000000003">
    </testcase>
    <testcase classname="api_integration_tests" name="test_api_post__auth_login_140" time="0.018699999999999998">
    </testcase>
    <testcase classname="api_integration_tests" name="test_api_post__auth_signup_141" time="0.0341">
    </testcase>
    <testcase classname="api_integration_tests" name="test_api_get__patients_142" time="0.0316">
    </testcase>
    <testcase classname="api_integration_tests" name="test_api_post__patients_143" time="0.016300000000000002">
    </testcase>
    <testcase classname="api_integration_tests" name="test_api_put__patients__id_144" time="0.0496">
    </testcase>
    <testcase classname="api_integration_tests" name="test_api_delete__patients__id_145" time="0.0438">
    </testcase>
    <testcase classname="api_integration_tests" name="test_api_post__analysis_ai-score_146" time="0.0576">
    </testcase>
    <testcase classname="api_integration_tests" name="test_api_get__history_147" time="0.016300000000000002">
    </testcase>
    <testcase classname="api_integration_tests" name="test_api_put__profile_148" time="0.0285">
    </testcase>
    <testcase classname="api_integration_tests" name="test_api_get__research_149" time="0.0217">
    </testcase>
    <testcase classname="api_integration_tests" name="test_api_post__auth_login_150" time="0.018699999999999998">
    </testcase>
    <testcase classname="api_integration_tests" name="test_api_post__auth_signup_151" time="0.053899999999999997">
    </testcase>
    <testcase classname="api_integration_tests" name="test_api_get__patients_152" time="0.0293">
    </testcase>
    <testcase classname="api_integration_tests" name="test_api_post__patients_153" time="0.0352">
    </testcase>
    <testcase classname="api_integration_tests" name="test_api_put__patients__id_154" time="0.0541">
    </testcase>
    <testcase classname="api_integration_tests" name="test_api_delete__patients__id_155" time="0.0549">
    </testcase>
    <testcase classname="api_integration_tests" name="test_api_post__analysis_ai-score_156" time="0.03">
    </testcase>
    <testcase classname="api_integration_tests" name="test_api_get__history_157" time="0.053200000000000004">
    </testcase>
    <testcase classname="api_integration_tests" name="test_api_put__profile_158" time="0.022699999999999998">
    </testcase>
    <testcase classname="api_integration_tests" name="test_api_get__research_159" time="0.0433">
    </testcase>
    <testcase classname="api_integration_tests" name="test_api_post__auth_login_160" time="0.019100000000000002">
    </testcase>
    <testcase classname="api_integration_tests" name="test_api_post__auth_signup_161" time="0.0213">
    </testcase>
    <testcase classname="api_integration_tests" name="test_api_get__patients_162" time="0.0355">
    </testcase>
    <testcase classname="api_integration_tests" name="test_api_post__patients_163" time="0.0127">
    </testcase>
    <testcase classname="api_integration_tests" name="test_api_put__patients__id_164" time="0.0536">
    </testcase>
    <testcase classname="api_integration_tests" name="test_api_delete__patients__id_165" time="0.0538">
    </testcase>
    <testcase classname="api_integration_tests" name="test_api_post__analysis_ai-score_166" time="0.0126">
    </testcase>
    <testcase classname="api_integration_tests" name="test_api_get__history_167" time="0.0249">
    </testcase>
    <testcase classname="api_integration_tests" name="test_api_put__profile_168" time="0.0368">
    </testcase>
    <testcase classname="api_integration_tests" name="test_api_get__research_169" time="0.0335">
    </testcase>
    <testcase classname="api_integration_tests" name="test_api_post__auth_login_170" time="0.0195">
    </testcase>
    <testcase classname="api_integration_tests" name="test_api_post__auth_signup_171" time="0.056600000000000004">
    </testcase>
    <testcase classname="api_integration_tests" name="test_api_get__patients_172" time="0.0536">
    </testcase>
    <testcase classname="api_integration_tests" name="test_api_post__patients_173" time="0.015">
    </testcase>
    <testcase classname="api_integration_tests" name="test_api_put__patients__id_174" time="0.0584">
    </testcase>
    <testcase classname="api_integration_tests" name="test_api_delete__patients__id_175" time="0.058">
    </testcase>
    <testcase classname="api_integration_tests" name="test_api_post__analysis_ai-score_176" time="0.0291">
    </testcase>
    <testcase classname="api_integration_tests" name="test_api_get__history_177" time="0.0595">
    </testcase>
    <testcase classname="api_integration_tests" name="test_api_put__profile_178" time="0.0286">
    </testcase>
    <testcase classname="api_integration_tests" name="test_api_get__research_179" time="0.0147">
    </testcase>
    <testcase classname="api_integration_tests" name="test_api_post__auth_login_180" time="0.016399999999999998">
    </testcase>
    <testcase classname="api_integration_tests" name="test_api_post__auth_signup_181" time="0.0554">
    </testcase>
    <testcase classname="api_integration_tests" name="test_api_get__patients_182" time="0.0435">
    </testcase>
    <testcase classname="api_integration_tests" name="test_api_post__patients_183" time="0.0361">
    </testcase>
    <testcase classname="api_integration_tests" name="test_api_put__patients__id_184" time="0.045">
    </testcase>
    <testcase classname="api_integration_tests" name="test_api_delete__patients__id_185" time="0.0241">
    </testcase>
    <testcase classname="api_integration_tests" name="test_api_post__analysis_ai-score_186" time="0.0395">
    </testcase>
    <testcase classname="api_integration_tests" name="test_api_get__history_187" time="0.0297">
    </testcase>
    <testcase classname="api_integration_tests" name="test_api_put__profile_188" time="0.0384">
    </testcase>
    <testcase classname="api_integration_tests" name="test_api_get__research_189" time="0.037">
    </testcase>
    <testcase classname="api_integration_tests" name="test_api_post__auth_login_190" time="0.013800000000000002">
    </testcase>
    <testcase classname="api_integration_tests" name="test_api_post__auth_signup_191" time="0.0201">
    </testcase>
    <testcase classname="api_integration_tests" name="test_api_get__patients_192" time="0.0208">
    </testcase>
    <testcase classname="api_integration_tests" name="test_api_post__patients_193" time="0.053899999999999997">
    </testcase>
    <testcase classname="api_integration_tests" name="test_api_put__patients__id_194" time="0.034">
    </testcase>
    <testcase classname="api_integration_tests" name="test_api_delete__patients__id_195" time="0.0576">
    </testcase>
    <testcase classname="api_integration_tests" name="test_api_post__analysis_ai-score_196" time="0.036">
    </testcase>
    <testcase classname="api_integration_tests" name="test_api_get__history_197" time="0.0492">
    </testcase>
    <testcase classname="api_integration_tests" name="test_api_put__profile_198" time="0.0586">
    </testcase>
    <testcase classname="api_integration_tests" name="test_api_get__research_199" time="0.052700000000000004">
    </testcase>
    <testcase classname="api_integration_tests" name="test_api_post__auth_login_200" time="0.0334">
    </testcase>
    <testcase classname="api_integration_tests" name="test_api_post__auth_signup_201" time="0.0324">
    </testcase>
    <testcase classname="api_integration_tests" name="test_api_get__patients_202" time="0.0593">
    </testcase>
    <testcase classname="api_integration_tests" name="test_api_post__patients_203" time="0.0249">
    </testcase>
    <testcase classname="api_integration_tests" name="test_api_put__patients__id_204" time="0.0453">
    </testcase>
    <testcase classname="api_integration_tests" name="test_api_delete__patients__id_205" time="0.0162">
    </testcase>
    <testcase classname="api_integration_tests" name="test_api_post__analysis_ai-score_206" time="0.0446">
    </testcase>
    <testcase classname="api_integration_tests" name="test_api_get__history_207" time="0.046299999999999994">
    </testcase>
    <testcase classname="api_integration_tests" name="test_api_put__profile_208" time="0.055600000000000004">
    </testcase>
    <testcase classname="api_integration_tests" name="test_api_get__research_209" time="0.057">
    </testcase>
    <testcase classname="api_integration_tests" name="test_api_post__auth_login_210" time="0.0599">
    </testcase>
    <testcase classname="api_integration_tests" name="test_api_post__auth_signup_211" time="0.047799999999999995">
    </testcase>
    <testcase classname="api_integration_tests" name="test_api_get__patients_212" time="0.0453">
    </testcase>
    <testcase classname="api_integration_tests" name="test_api_post__patients_213" time="0.0492">
    </testcase>
    <testcase classname="api_integration_tests" name="test_api_put__patients__id_214" time="0.0212">
    </testcase>
    <testcase classname="api_integration_tests" name="test_api_delete__patients__id_215" time="0.0499">
    </testcase>
    <testcase classname="api_integration_tests" name="test_api_post__analysis_ai-score_216" time="0.0127">
    </testcase>
    <testcase classname="api_integration_tests" name="test_api_get__history_217" time="0.0317">
    </testcase>
    <testcase classname="api_integration_tests" name="test_api_put__profile_218" time="0.0315">
    </testcase>
    <testcase classname="api_integration_tests" name="test_api_get__research_219" time="0.0338">
    </testcase>
    <testcase classname="api_integration_tests" name="test_api_post__auth_login_220" time="0.0363">
    </testcase>
    <testcase classname="api_integration_tests" name="test_api_post__auth_signup_221" time="0.0356">
    </testcase>
    <testcase classname="api_integration_tests" name="test_api_get__patients_222" time="0.013900000000000001">
    </testcase>
    <testcase classname="api_integration_tests" name="test_api_post__patients_223" time="0.0165">
    </testcase>
    <testcase classname="api_integration_tests" name="test_api_put__patients__id_224" time="0.0505">
    </testcase>
    <testcase classname="api_integration_tests" name="test_api_delete__patients__id_225" time="0.0569">
    </testcase>
    <testcase classname="api_integration_tests" name="test_api_post__analysis_ai-score_226" time="0.052899999999999996">
    </testcase>
    <testcase classname="api_integration_tests" name="test_api_get__history_227" time="0.0233">
    </testcase>
    <testcase classname="api_integration_tests" name="test_api_put__profile_228" time="0.0127">
    </testcase>
    <testcase classname="api_integration_tests" name="test_api_get__research_229" time="0.0228">
    </testcase>
    <testcase classname="api_integration_tests" name="test_api_post__auth_login_230" time="0.014">
    </testcase>
    <testcase classname="api_integration_tests" name="test_api_post__auth_signup_231" time="0.056100000000000004">
    </testcase>
    <testcase classname="api_integration_tests" name="test_api_get__patients_232" time="0.0571">
    </testcase>
    <testcase classname="api_integration_tests" name="test_api_post__patients_233" time="0.037">
    </testcase>
    <testcase classname="api_integration_tests" name="test_api_put__patients__id_234" time="0.0156">
    </testcase>
    <testcase classname="api_integration_tests" name="test_api_delete__patients__id_235" time="0.0322">
    </testcase>
    <testcase classname="api_integration_tests" name="test_api_post__analysis_ai-score_236" time="0.0134">
    </testcase>
    <testcase classname="api_integration_tests" name="test_api_get__history_237" time="0.0497">
    </testcase>
    <testcase classname="api_integration_tests" name="test_api_put__profile_238" time="0.0594">
    </testcase>
    <testcase classname="api_integration_tests" name="test_api_get__research_239" time="0.05">
    </testcase>
    <testcase classname="api_integration_tests" name="test_api_post__auth_login_240" time="0.0461">
    </testcase>
    <testcase classname="api_integration_tests" name="test_api_post__auth_signup_241" time="0.051">
    </testcase>
    <testcase classname="api_integration_tests" name="test_api_get__patients_242" time="0.0437">
    </testcase>
    <testcase classname="api_integration_tests" name="test_api_post__patients_243" time="0.055299999999999995">
    </testcase>
    <testcase classname="api_integration_tests" name="test_api_put__patients__id_244" time="0.0445">
    </testcase>
    <testcase classname="api_integration_tests" name="test_api_delete__patients__id_245" time="0.053200000000000004">
    </testcase>
    <testcase classname="api_integration_tests" name="test_api_post__analysis_ai-score_246" time="0.0317">
    </testcase>
    <testcase classname="api_integration_tests" name="test_api_get__history_247" time="0.021">
    </testcase>
    <testcase classname="api_integration_tests" name="test_api_put__profile_248" time="0.032100000000000004">
    </testcase>
    <testcase classname="api_integration_tests" name="test_api_get__research_249" time="0.0114">
    </testcase>
    <testcase classname="api_integration_tests" name="test_api_post__auth_login_250" time="0.02">
    </testcase>
    <testcase classname="api_integration_tests" name="test_api_post__auth_signup_251" time="0.0115">
    </testcase>
    <testcase classname="api_integration_tests" name="test_api_get__patients_252" time="0.0327">
    </testcase>
    <testcase classname="api_integration_tests" name="test_api_post__patients_253" time="0.044700000000000004">
    </testcase>
    <testcase classname="api_integration_tests" name="test_api_put__patients__id_254" time="0.040299999999999996">
    </testcase>
    <testcase classname="api_integration_tests" name="test_api_delete__patients__id_255" time="0.0438">
    </testcase>
    <testcase classname="api_integration_tests" name="test_api_post__analysis_ai-score_256" time="0.0508">
    </testcase>
    <testcase classname="api_integration_tests" name="test_api_get__history_257" time="0.0544">
    </testcase>
    <testcase classname="api_integration_tests" name="test_api_put__profile_258" time="0.0421">
    </testcase>
    <testcase classname="api_integration_tests" name="test_api_get__research_259" time="0.019399999999999997">
    </testcase>
    <testcase classname="api_integration_tests" name="test_api_post__auth_login_260" time="0.0433">
    </testcase>
    <testcase classname="api_integration_tests" name="test_api_post__auth_signup_261" time="0.056">
    </testcase>
    <testcase classname="api_integration_tests" name="test_api_get__patients_262" time="0.0335">
    </testcase>
    <testcase classname="api_integration_tests" name="test_api_post__patients_263" time="0.0564">
    </testcase>
    <testcase classname="api_integration_tests" name="test_api_put__patients__id_264" time="0.0471">
    </testcase>
    <testcase classname="api_integration_tests" name="test_api_delete__patients__id_265" time="0.0106">
    </testcase>
    <testcase classname="api_integration_tests" name="test_api_post__analysis_ai-score_266" time="0.0183">
    </testcase>
    <testcase classname="api_integration_tests" name="test_api_get__history_267" time="0.013099999999999999">
    </testcase>
    <testcase classname="api_integration_tests" name="test_api_put__profile_268" time="0.047">
    </testcase>
    <testcase classname="api_integration_tests" name="test_api_get__research_269" time="0.0182">
    </testcase>
    <testcase classname="api_integration_tests" name="test_api_post__auth_login_270" time="0.0482">
    </testcase>
    <testcase classname="api_integration_tests" name="test_api_post__auth_signup_271" time="0.0378">
    </testcase>
    <testcase classname="api_integration_tests" name="test_api_get__patients_272" time="0.0308">
    </testcase>
    <testcase classname="api_integration_tests" name="test_api_post__patients_273" time="0.054700000000000006">
    </testcase>
    <testcase classname="api_integration_tests" name="test_api_put__patients__id_274" time="0.0565">
    </testcase>
    <testcase classname="api_integration_tests" name="test_api_delete__patients__id_275" time="0.0495">
    </testcase>
    <testcase classname="api_integration_tests" name="test_api_post__analysis_ai-score_276" time="0.0261">
    </testcase>
    <testcase classname="api_integration_tests" name="test_api_get__history_277" time="0.0429">
    </testcase>
    <testcase classname="api_integration_tests" name="test_api_put__profile_278" time="0.0346">
    </testcase>
    <testcase classname="api_integration_tests" name="test_api_get__research_279" time="0.0353">
    </testcase>
    <testcase classname="api_integration_tests" name="test_api_post__auth_login_280" time="0.0346">
    </testcase>
    <testcase classname="api_integration_tests" name="test_api_post__auth_signup_281" time="0.0496">
    </testcase>
    <testcase classname="api_integration_tests" name="test_api_get__patients_282" time="0.0361">
    </testcase>
    <testcase classname="api_integration_tests" name="test_api_post__patients_283" time="0.0458">
    </testcase>
    <testcase classname="api_integration_tests" name="test_api_put__patients__id_284" time="0.0229">
    </testcase>
    <testcase classname="api_integration_tests" name="test_api_delete__patients__id_285" time="0.056299999999999996">
    </testcase>
    <testcase classname="api_integration_tests" name="test_api_post__analysis_ai-score_286" time="0.0312">
    </testcase>
    <testcase classname="api_integration_tests" name="test_api_get__history_287" time="0.0327">
    </testcase>
    <testcase classname="api_integration_tests" name="test_api_put__profile_288" time="0.0414">
    </testcase>
    <testcase classname="api_integration_tests" name="test_api_get__research_289" time="0.0518">
    </testcase>
    <testcase classname="api_integration_tests" name="test_api_post__auth_login_290" time="0.0351">
    </testcase>
    <testcase classname="api_integration_tests" name="test_api_post__auth_signup_291" time="0.0386">
    </testcase>
    <testcase classname="api_integration_tests" name="test_api_get__patients_292" time="0.027100000000000003">
    </testcase>
    <testcase classname="api_integration_tests" name="test_api_post__patients_293" time="0.0218">
    </testcase>
    <testcase classname="api_integration_tests" name="test_api_put__patients__id_294" time="0.0312">
    </testcase>
    <testcase classname="api_integration_tests" name="test_api_delete__patients__id_295" time="0.0512">
    </testcase>
    <testcase classname="api_integration_tests" name="test_api_post__analysis_ai-score_296" time="0.028">
    </testcase>
    <testcase classname="api_integration_tests" name="test_api_get__history_297" time="0.0511">
    </testcase>
    <testcase classname="api_integration_tests" name="test_api_put__profile_298" time="0.0554">
    </testcase>
    <testcase classname="api_integration_tests" name="test_api_get__research_299" time="0.0503">
    </testcase>
    <testcase classname="api_integration_tests" name="test_api_post__auth_login_300" time="0.0343">
    </testcase>
  </testsuite>
</testsuites>